Arguments: 
  /Users/jojosutton/.nvm/versions/node/v14.15.5/bin/node /Users/jojosutton/.nvm/versions/node/v14.15.5/bin/yarn add lodash

PATH: 
  /Users/jojosutton/.nvm/versions/node/v14.15.5/bin:/usr/local/bin:/usr/bin:/bin:/usr/sbin:/sbin:/Applications/VMware Fusion.app/Contents/Public:/Users/jojosutton/.nvm/versions/node/v14.15.5/bin

Yarn version: 
  1.22.11

Node version: 
  14.15.5

Platform: 
  darwin x64

Trace: 
  Error: https://registry.npmjs.org/@clean-arch%2fpersistence: Not found
      at Request.params.callback [as _callback] (/Users/jojosutton/.nvm/versions/node/v14.15.5/lib/node_modules/yarn/lib/cli.js:66992:18)
      at Request.self.callback (/Users/jojosutton/.nvm/versions/node/v14.15.5/lib/node_modules/yarn/lib/cli.js:140763:22)
      at Request.emit (events.js:315:20)
      at Request.<anonymous> (/Users/jojosutton/.nvm/versions/node/v14.15.5/lib/node_modules/yarn/lib/cli.js:141735:10)
      at Request.emit (events.js:315:20)
      at IncomingMessage.<anonymous> (/Users/jojosutton/.nvm/versions/node/v14.15.5/lib/node_modules/yarn/lib/cli.js:141657:12)
      at Object.onceWrapper (events.js:421:28)
      at IncomingMessage.emit (events.js:327:22)
      at endReadableNT (internal/streams/readable.js:1327:12)
      at processTicksAndRejections (internal/process/task_queues.js:80:21)

npm manifest: 
  {
    "name": "@clean-arch/business",
    "version": "0.0.0",
    "description": "> TODO: description",
    "author": "Joseph \"jojo\" Sutton <ebwebdev@gmail.com>",
    "homepage": "",
    "license": "ISC",
    "main": "",
    "publishConfig": {
      "registry": "http://registry.npmjs.org/"
    },
    "scripts": {
      "test": "echo \"Error: run tests from root\" && exit 1"
    },
    "dependencies": {
      "@clean-arch/persistence": "^0.0.0"
    }
  }

yarn manifest: 
  No manifest

Lockfile: 
  No lockfile
